[INFO ] 2022-03-01 12:13:16.274 [main] Log - Driver initialised
[INFO ] 2022-03-01 12:13:21.926 [main] Log - com.inetBanking.testCases.TC_LoginTest_001Loaded basurl:https://demo.guru99.com/V4/index.php
[INFO ] 2022-03-01 12:13:22.300 [main] Log - TC_LoginTest_001Entered username:mngr387734
[INFO ] 2022-03-01 12:13:22.447 [main] Log - Entered password:tehepap
[INFO ] 2022-03-01 12:13:25.108 [main] Log - Clicked on login button
[INFO ] 2022-03-01 12:13:25.907 [main] Log - TearDown
[INFO ] 2022-03-01 12:13:26.997 [main] Log - Driver initialised
[INFO ] 2022-03-01 12:13:33.331 [main] Log - com.inetBanking.testCases.TC_LoginDDT_002Loaded basurl:https://demo.guru99.com/V4/index.php
[INFO ] 2022-03-01 12:13:33.629 [main] Log - TearDown
[INFO ] 2022-03-01 12:53:19.242 [main] Log - Driver initialised
[INFO ] 2022-03-01 12:53:26.826 [main] Log - com.inetBanking.testCases.TC_AddCustomerTest_003Loaded basurl:https://demo.guru99.com/V4/index.php
[INFO ] 2022-03-01 12:53:27.022 [main] Log - User name is provided
[INFO ] 2022-03-01 12:53:27.135 [main] Log - Passsword is provided
[INFO ] 2022-03-01 12:53:32.993 [main] Log - providing customer details....
[INFO ] 2022-03-01 12:53:33.611 [main] Log - TearDown
[INFO ] 2022-03-01 12:58:08.824 [main] Log - Driver initialised
[INFO ] 2022-03-01 12:58:15.942 [main] Log - com.inetBanking.testCases.TC_AddCustomerTest_003Loaded basurl:https://demo.guru99.com/V4/index.php
[INFO ] 2022-03-01 12:58:16.153 [main] Log - User name is provided
[INFO ] 2022-03-01 12:58:16.283 [main] Log - Passsword is provided
[INFO ] 2022-03-01 12:58:21.814 [main] Log - providing customer details....
[INFO ] 2022-03-01 12:58:37.045 [main] Log - validation started....
[INFO ] 2022-03-01 12:58:37.128 [main] Log - test case passed....
[INFO ] 2022-03-01 12:58:37.489 [main] Log - TearDown
[INFO ] 2022-03-01 13:00:39.296 [main] Log - Driver initialised
[INFO ] 2022-03-01 13:00:46.617 [main] Log - com.inetBanking.testCases.TC_AddCustomerTest_003Loaded basurl:https://demo.guru99.com/V4/index.php
[INFO ] 2022-03-01 13:00:46.841 [main] Log - User name is provided
[INFO ] 2022-03-01 13:00:46.981 [main] Log - Passsword is provided
[INFO ] 2022-03-01 13:00:52.774 [main] Log - providing customer details....
[INFO ] 2022-03-01 13:00:57.235 [main] Log - TearDown
[INFO ] 2022-03-01 13:02:25.435 [main] Log - Driver initialised
[INFO ] 2022-03-01 13:02:31.997 [main] Log - com.inetBanking.testCases.TC_AddCustomerTest_003Loaded basurl:https://demo.guru99.com/V4/index.php
[INFO ] 2022-03-01 13:02:32.239 [main] Log - User name is provided
[INFO ] 2022-03-01 13:02:32.367 [main] Log - Passsword is provided
[INFO ] 2022-03-01 13:02:38.134 [main] Log - providing customer details....
[INFO ] 2022-03-01 13:02:53.143 [main] Log - validation started....
[INFO ] 2022-03-01 13:02:53.189 [main] Log - test case passed....
[INFO ] 2022-03-01 13:02:53.557 [main] Log - TearDown
[INFO ] 2022-03-01 14:58:53.606 [main] Log - Driver initialised
[INFO ] 2022-03-01 14:59:00.377 [main] Log - com.inetBanking.testCases.TC_AddCustomerTest_003Loaded basurl:https://demo.guru99.com/V4/index.php
[INFO ] 2022-03-01 14:59:00.604 [main] Log - User name is provided
[INFO ] 2022-03-01 14:59:00.724 [main] Log - Passsword is provided
[INFO ] 2022-03-01 14:59:05.982 [main] Log - providing customer details....
[INFO ] 2022-03-01 14:59:09.556 [main] Log - TearDown
[INFO ] 2022-03-01 15:07:50.471 [main] Log - Driver initialised
[INFO ] 2022-03-01 15:07:58.477 [main] Log - com.inetBanking.testCases.TC_AddCustomerTest_003Loaded basurl:https://demo.guru99.com/V4/index.php
[INFO ] 2022-03-01 15:07:58.690 [main] Log - User name is provided
[INFO ] 2022-03-01 15:07:58.823 [main] Log - Passsword is provided
[INFO ] 2022-03-01 15:08:04.526 [main] Log - providing customer details....
[INFO ] 2022-03-01 15:08:09.019 [main] Log - TearDown
[INFO ] 2022-03-01 15:10:22.521 [main] Log - Driver initialised
[INFO ] 2022-03-01 15:10:28.534 [main] Log - com.inetBanking.testCases.TC_AddCustomerTest_003Loaded basurl:https://demo.guru99.com/V4/index.php
[INFO ] 2022-03-01 15:10:29.000 [main] Log - User name is provided
[INFO ] 2022-03-01 15:10:29.566 [main] Log - Passsword is provided
[INFO ] 2022-03-01 15:10:34.798 [main] Log - providing customer details....
[INFO ] 2022-03-01 15:10:41.492 [main] Log - TearDown
[INFO ] 2022-03-01 15:11:45.592 [main] Log - Driver initialised
[INFO ] 2022-03-01 15:11:51.752 [main] Log - com.inetBanking.testCases.TC_AddCustomerTest_003Loaded basurl:https://demo.guru99.com/V4/index.php
[INFO ] 2022-03-01 15:11:52.210 [main] Log - User name is provided
[INFO ] 2022-03-01 15:11:52.437 [main] Log - Passsword is provided
[INFO ] 2022-03-01 15:11:58.851 [main] Log - providing customer details....
[INFO ] 2022-03-01 15:12:02.540 [main] Log - TearDown
[INFO ] 2022-03-01 15:14:02.870 [main] Log - Driver initialised
[INFO ] 2022-03-01 15:14:08.800 [main] Log - com.inetBanking.testCases.TC_AddCustomerTest_003Loaded basurl:https://demo.guru99.com/V4/index.php
[INFO ] 2022-03-01 15:14:09.165 [main] Log - User name is provided
[INFO ] 2022-03-01 15:14:09.388 [main] Log - Passsword is provided
[INFO ] 2022-03-01 15:14:15.406 [main] Log - providing customer details....
[INFO ] 2022-03-01 15:14:20.890 [main] Log - TearDown
[INFO ] 2022-03-01 15:22:40.381 [main] Log - Driver initialised
[INFO ] 2022-03-01 15:22:46.262 [main] Log - com.inetBanking.testCases.TC_AddCustomerTest_003Loaded basurl:https://demo.guru99.com/V4/index.php
[INFO ] 2022-03-01 15:22:47.045 [main] Log - User name is provided
[INFO ] 2022-03-01 15:22:47.693 [main] Log - Passsword is provided
[INFO ] 2022-03-01 15:22:53.526 [main] Log - providing customer details....
[INFO ] 2022-03-01 15:23:00.543 [main] Log - TearDown
[INFO ] 2022-03-01 15:24:01.356 [main] Log - Driver initialised
[INFO ] 2022-03-01 15:24:09.382 [main] Log - com.inetBanking.testCases.TC_AddCustomerTest_003Loaded basurl:https://demo.guru99.com/V4/index.php
[INFO ] 2022-03-01 15:24:09.968 [main] Log - User name is provided
[INFO ] 2022-03-01 15:24:10.393 [main] Log - Passsword is provided
[INFO ] 2022-03-01 15:24:19.295 [main] Log - providing customer details....
[INFO ] 2022-03-01 15:24:33.120 [main] Log - TearDown
[INFO ] 2022-03-01 15:27:41.174 [main] Log - Driver initialised
[INFO ] 2022-03-01 15:27:48.411 [main] Log - com.inetBanking.testCases.TC_AddCustomerTest_003Loaded basurl:https://demo.guru99.com/V4/index.php
[INFO ] 2022-03-01 15:27:48.636 [main] Log - User name is provided
[INFO ] 2022-03-01 15:27:48.798 [main] Log - Passsword is provided
[INFO ] 2022-03-01 15:27:54.151 [main] Log - providing customer details....
[INFO ] 2022-03-01 15:28:04.737 [main] Log - TearDown
[INFO ] 2022-03-01 15:29:32.077 [main] Log - Driver initialised
[INFO ] 2022-03-01 15:29:37.509 [main] Log - com.inetBanking.testCases.TC_AddCustomerTest_003Loaded basurl:https://demo.guru99.com/V4/index.php
[INFO ] 2022-03-01 15:29:37.813 [main] Log - User name is provided
[INFO ] 2022-03-01 15:29:37.991 [main] Log - Passsword is provided
[INFO ] 2022-03-01 15:29:43.612 [main] Log - providing customer details....
[INFO ] 2022-03-01 15:29:54.106 [main] Log - TearDown
[INFO ] 2022-03-01 15:33:13.807 [main] Log - Driver initialised
[INFO ] 2022-03-01 15:33:22.024 [main] Log - com.inetBanking.testCases.TC_AddCustomerTest_003Loaded basurl:https://demo.guru99.com/V4/index.php
[INFO ] 2022-03-01 15:33:22.423 [main] Log - User name is provided
[INFO ] 2022-03-01 15:33:22.610 [main] Log - Passsword is provided
[INFO ] 2022-03-01 15:33:28.282 [main] Log - providing customer details....
[INFO ] 2022-03-01 15:33:50.642 [main] Log - TearDown
[INFO ] 2022-03-01 15:34:39.168 [main] Log - Driver initialised
[INFO ] 2022-03-01 15:34:46.510 [main] Log - com.inetBanking.testCases.TC_AddCustomerTest_003Loaded basurl:https://demo.guru99.com/V4/index.php
[INFO ] 2022-03-01 15:34:46.740 [main] Log - User name is provided
[INFO ] 2022-03-01 15:34:46.915 [main] Log - Passsword is provided
[INFO ] 2022-03-01 15:34:51.904 [main] Log - providing customer details....
[INFO ] 2022-03-01 15:35:02.252 [main] Log - TearDown
[INFO ] 2022-03-01 15:35:32.777 [main] Log - Driver initialised
[INFO ] 2022-03-01 15:35:42.858 [main] Log - com.inetBanking.testCases.TC_AddCustomerTest_003Loaded basurl:https://demo.guru99.com/V4/index.php
[INFO ] 2022-03-01 15:35:43.099 [main] Log - User name is provided
[INFO ] 2022-03-01 15:35:43.214 [main] Log - Passsword is provided
[INFO ] 2022-03-01 15:35:48.969 [main] Log - providing customer details....
[INFO ] 2022-03-01 15:36:06.396 [main] Log - validation started....
[INFO ] 2022-03-01 15:36:06.470 [main] Log - test case passed....
[INFO ] 2022-03-01 15:36:06.805 [main] Log - TearDown
[INFO ] 2022-03-01 15:38:51.626 [main] Log - Driver initialised
[INFO ] 2022-03-01 15:38:58.468 [main] Log - com.inetBanking.testCases.TC_AddCustomerTest_003Loaded basurl:https://demo.guru99.com/V4/index.php
[INFO ] 2022-03-01 15:38:58.704 [main] Log - User name is provided
[INFO ] 2022-03-01 15:38:58.829 [main] Log - Passsword is provided
[INFO ] 2022-03-01 15:39:04.263 [main] Log - providing customer details....
[INFO ] 2022-03-01 15:39:22.000 [main] Log - validation started....
[INFO ] 2022-03-01 15:39:22.081 [main] Log - test case passed....
[INFO ] 2022-03-01 15:39:22.409 [main] Log - TearDown
[INFO ] 2022-03-01 15:58:12.544 [main] Log - Driver initialised
[INFO ] 2022-03-01 15:58:18.792 [main] Log - com.inetBanking.testCases.TC_AddCustomerTest_003Loaded basurl:https://demo.guru99.com/V4/index.php
[INFO ] 2022-03-01 15:58:19.051 [main] Log - User name is provided
[INFO ] 2022-03-01 15:58:19.212 [main] Log - Passsword is provided
[INFO ] 2022-03-01 15:58:25.082 [main] Log - providing customer details....
[INFO ] 2022-03-01 15:58:44.365 [main] Log - validation started....
[INFO ] 2022-03-01 15:58:44.424 [main] Log - test case passed....
[INFO ] 2022-03-01 15:58:44.779 [main] Log - TearDown
[INFO ] 2022-03-01 16:13:36.720 [main] Log - Driver initialised
[INFO ] 2022-03-01 16:13:46.933 [main] Log - com.inetBanking.testCases.TC_LoginTest_001Loaded basurl:https://demo.guru99.com/V4/index.php
[INFO ] 2022-03-01 16:13:47.239 [main] Log - TC_LoginTest_001Entered username:mngr387734
[INFO ] 2022-03-01 16:13:47.504 [main] Log - Entered password:tehepap
[INFO ] 2022-03-01 16:13:50.584 [main] Log - Clicked on login button
[INFO ] 2022-03-01 16:13:51.626 [main] Log - TearDown
[INFO ] 2022-03-01 16:13:52.892 [main] Log - Driver initialised
[INFO ] 2022-03-01 16:13:58.341 [main] Log - com.inetBanking.testCases.TC_AddCustomerTest_003Loaded basurl:https://demo.guru99.com/V4/index.php
[INFO ] 2022-03-01 16:13:58.616 [main] Log - User name is provided
[INFO ] 2022-03-01 16:13:58.746 [main] Log - Passsword is provided
[INFO ] 2022-03-01 16:14:04.543 [main] Log - providing customer details....
[INFO ] 2022-03-01 16:14:22.458 [main] Log - validation started....
[INFO ] 2022-03-01 16:14:22.486 [main] Log - test case passed....
[INFO ] 2022-03-01 16:14:22.852 [main] Log - TearDown
[INFO ] 2022-03-01 16:16:55.745 [main] Log - Driver initialised
[INFO ] 2022-03-01 16:17:01.946 [main] Log - com.inetBanking.testCases.TC_LoginTest_001Loaded basurl:https://demo.guru99.com/V4/index.php
[INFO ] 2022-03-01 16:17:02.137 [main] Log - TC_LoginTest_001Entered username:mngr387734
[INFO ] 2022-03-01 16:17:02.255 [main] Log - Entered password:tehepap
[INFO ] 2022-03-01 16:17:04.809 [main] Log - Clicked on login button
[INFO ] 2022-03-01 16:17:04.825 [main] Log - Test Case is Passed
[INFO ] 2022-03-01 16:17:05.111 [main] Log - TearDown
[INFO ] 2022-03-01 16:17:06.244 [main] Log - Driver initialised
[INFO ] 2022-03-01 16:17:12.213 [main] Log - com.inetBanking.testCases.TC_AddCustomerTest_003Loaded basurl:https://demo.guru99.com/V4/index.php
[INFO ] 2022-03-01 16:17:12.342 [main] Log - User name is provided
[INFO ] 2022-03-01 16:17:12.454 [main] Log - Passsword is provided
[INFO ] 2022-03-01 16:17:18.167 [main] Log - providing customer details....
[INFO ] 2022-03-01 16:17:35.272 [main] Log - validation started....
[INFO ] 2022-03-01 16:17:35.329 [main] Log - test case passed....
[INFO ] 2022-03-01 16:17:35.733 [main] Log - TearDown
