[INFO ] 2022-02-21 16:14:43.295 [main] Log - First log
[INFO ] 2022-02-21 16:25:25.005 [main] Log - Chrome Driver initialised
[INFO ] 2022-02-21 16:25:29.410 [main] Log - Loaded basurl:https://demo.guru99.com/V4/index.php
[INFO ] 2022-02-21 16:25:29.607 [main] Log - Entered username:mngr387734
[INFO ] 2022-02-21 16:25:29.748 [main] Log - Entered password:tehepap
[INFO ] 2022-02-21 16:25:31.138 [main] Log - Clicked on login button
[INFO ] 2022-02-21 16:25:31.153 [main] Log - Test Case is Passed
[INFO ] 2022-02-21 16:25:31.425 [main] Log - TearDown
[INFO ] 2022-02-21 16:28:13.680 [main] Log - Chrome Driver initialised
[INFO ] 2022-02-21 16:28:17.932 [main] Log - com.inetBanking.testCases.TC_LoginTest_001Loaded basurl:https://demo.guru99.com/V4/index.php
[INFO ] 2022-02-21 16:28:18.117 [main] Log - TC_LoginTest_001Entered username:mngr387734
[INFO ] 2022-02-21 16:28:18.247 [main] Log - Entered password:tehepap
[INFO ] 2022-02-21 16:28:19.654 [main] Log - Clicked on login button
[INFO ] 2022-02-21 16:28:19.673 [main] Log - Test Case is Passed
[INFO ] 2022-02-21 16:28:19.943 [main] Log - TearDown
[INFO ] 2022-02-21 16:55:46.821 [main] Log - Chrome Driver initialised
[INFO ] 2022-02-21 16:55:51.092 [main] Log - com.inetBanking.testCases.TC_LoginTest_001Loaded basurl:https://demo.guru99.com/V4/index.php
[INFO ] 2022-02-21 16:55:51.314 [main] Log - TC_LoginTest_001Entered username:mngr387734
[INFO ] 2022-02-21 16:55:51.465 [main] Log - Entered password:tehepap
[INFO ] 2022-02-21 16:55:52.984 [main] Log - Clicked on login button
[INFO ] 2022-02-21 16:55:53.001 [main] Log - Test Case is Passed
[INFO ] 2022-02-21 16:55:53.355 [main] Log - TearDown
[INFO ] 2022-02-21 16:56:25.806 [main] Log - Chrome Driver initialised
[INFO ] 2022-02-21 16:56:29.887 [main] Log - com.inetBanking.testCases.TC_LoginTest_001Loaded basurl:https://demo.guru99.com/V4/index.php
[INFO ] 2022-02-21 16:56:30.092 [main] Log - TC_LoginTest_001Entered username:mngr387734
[INFO ] 2022-02-21 16:56:30.234 [main] Log - Entered password:tehepap
[INFO ] 2022-02-21 16:56:31.792 [main] Log - Clicked on login button
[INFO ] 2022-02-21 16:56:31.810 [main] Log - Test Case is Passed
[INFO ] 2022-02-21 16:56:32.141 [main] Log - TearDown
[INFO ] 2022-02-21 17:31:37.041 [main] Log - Driver initialised
[INFO ] 2022-02-21 17:31:41.443 [main] Log - com.inetBanking.testCases.TC_LoginTest_001Loaded basurl:https://demo.guru99.com/V4/index.php
[INFO ] 2022-02-21 17:31:41.642 [main] Log - TC_LoginTest_001Entered username:mngr387734
[INFO ] 2022-02-21 17:31:41.756 [main] Log - Entered password:tehepap
[INFO ] 2022-02-21 17:31:43.219 [main] Log - Clicked on login button
[INFO ] 2022-02-21 17:31:43.233 [main] Log - Test Case is Passed
[INFO ] 2022-02-21 17:31:43.526 [main] Log - TearDown
[INFO ] 2022-02-21 17:32:04.292 [main] Log - Driver initialised
[INFO ] 2022-02-21 17:32:34.586 [main] Log - Driver initialised
[INFO ] 2022-02-21 17:33:54.773 [main] Log - Driver initialised
[INFO ] 2022-02-21 17:34:59.200 [main] Log - Driver initialised
[INFO ] 2022-02-21 17:35:03.429 [main] Log - com.inetBanking.testCases.TC_LoginTest_001Loaded basurl:https://demo.guru99.com/V4/index.php
[INFO ] 2022-02-21 17:35:03.618 [main] Log - TC_LoginTest_001Entered username:mngr387734
[INFO ] 2022-02-21 17:35:03.727 [main] Log - Entered password:tehepap
[INFO ] 2022-02-21 17:35:05.098 [main] Log - Clicked on login button
[INFO ] 2022-02-21 17:35:05.111 [main] Log - Test Case is Passed
[INFO ] 2022-02-21 17:35:05.477 [main] Log - TearDown
[INFO ] 2022-02-21 17:57:12.706 [main] Log - Driver initialised
[INFO ] 2022-02-21 17:57:16.737 [main] Log - com.inetBanking.testCases.TC_LoginTest_001Loaded basurl:https://demo.guru99.com/V4/index.php
[INFO ] 2022-02-21 17:57:16.951 [main] Log - TC_LoginTest_001Entered username:mngr387734
[INFO ] 2022-02-21 17:57:17.079 [main] Log - Entered password:tehepap
[INFO ] 2022-02-21 17:57:18.519 [main] Log - Clicked on login button
[INFO ] 2022-02-21 17:57:18.534 [main] Log - Test Case is Passed
[INFO ] 2022-02-21 17:57:18.825 [main] Log - TearDown
[INFO ] 2022-02-21 18:25:28.245 [main] Log - Driver initialised
[INFO ] 2022-02-21 18:25:33.208 [main] Log - com.inetBanking.testCases.TC_LoginTest_001Loaded basurl:https://demo.guru99.com/V4/index.php
[INFO ] 2022-02-21 18:25:33.415 [main] Log - TC_LoginTest_001Entered username:mngr387734
[INFO ] 2022-02-21 18:25:33.550 [main] Log - Entered password:tehepap
[INFO ] 2022-02-21 18:25:35.072 [main] Log - Clicked on login button
[INFO ] 2022-02-21 18:25:35.882 [main] Log - TearDown
[INFO ] 2022-02-21 19:28:34.688 [main] Log - Driver initialised
[INFO ] 2022-02-21 19:28:40.676 [main] Log - com.inetBanking.testCases.TC_LoginTest_001Loaded basurl:https://demo.guru99.com/V4/index.php
[INFO ] 2022-02-21 19:28:40.961 [main] Log - TC_LoginTest_001Entered username:mngr387734
[INFO ] 2022-02-21 19:28:41.107 [main] Log - Entered password:tehepap
[INFO ] 2022-02-21 19:28:42.702 [main] Log - Clicked on login button
[INFO ] 2022-02-21 19:28:43.770 [main] Log - TearDown
[INFO ] 2022-02-21 19:28:45.463 [main] Log - Driver initialised
[INFO ] 2022-02-21 19:28:50.788 [main] Log - com.inetBanking.testCases.TC_LoginDDT_002Loaded basurl:https://demo.guru99.com/V4/index.php
[INFO ] 2022-02-21 19:28:51.064 [main] Log - TearDown
[INFO ] 2022-02-21 19:32:47.056 [main] Log - Driver initialised
[INFO ] 2022-02-21 19:32:54.009 [main] Log - com.inetBanking.testCases.TC_LoginDDT_002Loaded basurl:https://demo.guru99.com/V4/index.php
[INFO ] 2022-02-21 19:32:54.364 [main] Log - TearDown
[INFO ] 2022-02-21 19:34:30.534 [main] Log - Driver initialised
[INFO ] 2022-02-21 19:34:35.696 [main] Log - com.inetBanking.testCases.TC_LoginDDT_002Loaded basurl:https://demo.guru99.com/V4/index.php
[INFO ] 2022-02-21 19:34:36.098 [main] Log - TearDown
[INFO ] 2022-02-21 19:38:01.576 [main] Log - Driver initialised
[INFO ] 2022-02-21 19:38:07.324 [main] Log - com.inetBanking.testCases.TC_LoginDDT_002Loaded basurl:https://demo.guru99.com/V4/index.php
[INFO ] 2022-02-21 19:38:07.331 [main] Log - Fetching the data
[INFO ] 2022-02-21 19:38:07.713 [main] Log - TearDown
[INFO ] 2022-02-21 19:38:49.707 [main] Log - Driver initialised
[INFO ] 2022-02-21 19:38:56.419 [main] Log - com.inetBanking.testCases.TC_LoginDDT_002Loaded basurl:https://demo.guru99.com/V4/index.php
[INFO ] 2022-02-21 19:38:56.426 [main] Log - Fetching the data
[INFO ] 2022-02-21 19:41:48.812 [main] Log - Driver initialised
[INFO ] 2022-02-21 19:41:54.556 [main] Log - com.inetBanking.testCases.TC_LoginDDT_002Loaded basurl:https://demo.guru99.com/V4/index.php
[INFO ] 2022-02-21 19:41:54.568 [main] Log - Fetching the data
[INFO ] 2022-02-21 19:41:54.948 [main] Log - TearDown
[INFO ] 2022-02-21 19:45:05.563 [main] Log - Driver initialised
[INFO ] 2022-02-21 19:45:12.325 [main] Log - com.inetBanking.testCases.TC_LoginDDT_002Loaded basurl:https://demo.guru99.com/V4/index.php
[INFO ] 2022-02-21 19:45:12.335 [main] Log - Fetching the data
[INFO ] 2022-02-21 19:45:12.336 [main] Log - LoginData Path:C:\Users\SWAROOP\eclipse-workspace\inetBankingV1/src/test/java/com/inetBanking/testData/LoginData.xlsx
[INFO ] 2022-02-21 19:45:12.761 [main] Log - TearDown
[INFO ] 2022-02-21 19:48:06.533 [main] Log - Driver initialised
[INFO ] 2022-02-21 19:48:11.647 [main] Log - com.inetBanking.testCases.TC_LoginDDT_002Loaded basurl:https://demo.guru99.com/V4/index.php
[INFO ] 2022-02-21 19:48:11.654 [main] Log - Fetching the data
[INFO ] 2022-02-21 19:48:11.655 [main] Log - LoginData Path:C:\Users\SWAROOP\eclipse-workspace\inetBankingV1/src/test/java/com/inetBanking/testData/LoginData.xlsx
[INFO ] 2022-02-21 19:48:12.107 [main] Log - TearDown
[INFO ] 2022-02-21 19:56:16.717 [main] Log - Driver initialised
[INFO ] 2022-02-21 19:56:25.235 [main] Log - com.inetBanking.testCases.TC_LoginDDT_002Loaded basurl:https://demo.guru99.com/V4/index.php
[INFO ] 2022-02-21 19:56:25.244 [main] Log - Fetching the data
[INFO ] 2022-02-21 19:56:25.245 [main] Log - LoginData Path:C:\Users\SWAROOP\eclipse-workspace\inetBankingV1/src/test/java/com/inetBanking/testData/LoginData.xlsx
[INFO ] 2022-02-21 19:56:25.675 [main] Log - TearDown
[INFO ] 2022-02-21 19:59:57.702 [main] Log - Driver initialised
[INFO ] 2022-02-21 20:00:03.104 [main] Log - com.inetBanking.testCases.TC_LoginDDT_002Loaded basurl:https://demo.guru99.com/V4/index.php
[INFO ] 2022-02-21 20:00:03.494 [main] Log - TearDown
[INFO ] 2022-02-21 20:01:30.589 [main] Log - Driver initialised
[INFO ] 2022-02-21 20:01:36.001 [main] Log - com.inetBanking.testCases.TC_LoginDDT_002Loaded basurl:https://demo.guru99.com/V4/index.php
[INFO ] 2022-02-21 20:01:36.379 [main] Log - TearDown
[INFO ] 2022-02-21 20:02:15.800 [main] Log - Driver initialised
[INFO ] 2022-02-21 20:02:21.157 [main] Log - com.inetBanking.testCases.TC_LoginDDT_002Loaded basurl:https://demo.guru99.com/V4/index.php
[INFO ] 2022-02-21 20:02:21.499 [main] Log - TearDown
[INFO ] 2022-02-21 20:49:42.201 [main] Log - Driver initialised
[INFO ] 2022-02-21 20:49:48.964 [main] Log - com.inetBanking.testCases.TC_LoginDDT_002Loaded basurl:https://demo.guru99.com/V4/index.php
[INFO ] 2022-02-21 20:49:49.332 [main] Log - TearDown
[INFO ] 2022-02-21 20:53:56.622 [main] Log - Driver initialised
[INFO ] 2022-02-21 20:54:02.893 [main] Log - com.inetBanking.testCases.TC_LoginDDT_002Loaded basurl:https://demo.guru99.com/V4/index.php
[INFO ] 2022-02-21 20:54:03.352 [main] Log - TearDown
[INFO ] 2022-02-21 20:59:36.581 [main] Log - Driver initialised
[INFO ] 2022-02-21 20:59:43.555 [main] Log - com.inetBanking.testCases.TC_LoginDDT_002Loaded basurl:https://demo.guru99.com/V4/index.php
[INFO ] 2022-02-21 20:59:43.929 [main] Log - TearDown
[INFO ] 2022-02-21 21:06:01.124 [main] Log - Driver initialised
[INFO ] 2022-02-21 21:06:11.951 [main] Log - com.inetBanking.testCases.TC_LoginDDT_002Loaded basurl:https://demo.guru99.com/V4/index.php
[INFO ] 2022-02-21 21:06:12.273 [main] Log - TearDown
[INFO ] 2022-02-21 21:07:42.800 [main] Log - Driver initialised
[INFO ] 2022-02-21 21:07:49.685 [main] Log - com.inetBanking.testCases.TC_LoginDDT_002Loaded basurl:https://demo.guru99.com/V4/index.php
[INFO ] 2022-02-21 21:07:50.112 [main] Log - TearDown
[INFO ] 2022-02-21 21:12:20.505 [main] Log - Driver initialised
[INFO ] 2022-02-21 21:12:32.981 [main] Log - com.inetBanking.testCases.TC_LoginDDT_002Loaded basurl:https://demo.guru99.com/V4/index.php
[INFO ] 2022-02-21 21:12:33.313 [main] Log - TearDown
